(%o1)                                done
(%i2)   [ (a + b) B   c                                              ]
        [ --------- + -        0              0              0       ]
        [     2       4                                              ]
        [                                                            ]
        [                (a - b) B   c        c                      ]
        [       0        --------- - -        -              0       ]
        [                    2       4        2                      ]
(%o2)   [                                                            ]
        [                      c        (b - a) B   c                ]
        [       0              -        --------- - -        0       ]
        [                      2            2       4                ]
        [                                                            ]
        [                                              c   (a + b) B ]
        [       0              0              0        - - --------- ]
        [                                              4       2     ]
(%i3) (%o3) 
     /usr/local/Cellar/maxima/5.37.2/share/maxima/5.37.2/share/matrix/eigen.mac
(%i4)                  2            2   2    2
          c + 2 sqrt((a  - 2 a b + b ) B  + c )
(%o4) [[- -------------------------------------, 
                            4
         2            2   2    2
2 sqrt((a  - 2 a b + b ) B  + c ) - c    (2 b + 2 a) B - c
-------------------------------------, - -----------------, 
                  4                              4
c + (2 b + 2 a) B
-----------------], [1, 1, 1, 1]]
        4
(%i5)                   2            2   2    2
           c + 2 sqrt((a  - 2 a b + b ) B  + c )
(%o5) [[[- -------------------------------------, 
                             4
         2            2   2    2
2 sqrt((a  - 2 a b + b ) B  + c ) - c    (2 b + 2 a) B - c
-------------------------------------, - -----------------, 
                  4                              4
c + (2 b + 2 a) B
-----------------], [1, 1, 1, 1]], [[[0, 1, 
        4
                         c
- -----------------------------------------------, 0]], 
        2  2          2    2  2    2
  sqrt(b  B  - 2 a b B  + a  B  + c ) + (b - a) B
                                 c
[[0, 1, - -----------------------------------------------, 0]], 
                            2  2          2    2  2    2
          (b - a) B - sqrt(b  B  - 2 a b B  + a  B  + c )
[[0, 0, 0, 1]], [[1, 0, 0, 0]]]]
(%i6) 
