
NIL
(%o1)                                done
(%i2) (%o0)                                done
(%i1) 
read and interpret file: /Users/rds/Desktop/problem.mac
(%i2) Tsquared(s,u):=32*%pi^2*a^2
               *((m^4+m^2*(3*s+u)+(-s)*u)/(m^2-s)^2
                +(m^4+m^2*(3*u+s)+(-s)*u)/(m^2-u)^2
                +(2*m^2*(s+u+2*m^2))/((m^2-s)*(m^2-u)))
                                     4    2
                              2  2  m  + m  (3 s + u) + (- s) u
(%o2) Tsquared(s, u) := 32 %pi  a  (---------------------------
                                               2     2
                                             (m  - s)
                              4    2                          2             2
                             m  + m  (3 u + s) + (- s) u   2 m  (s + u + 2 m )
                           + --------------------------- + -------------------)
                                        2     2               2        2
                                      (m  - u)              (m  - s) (m  - u)
(%i3) ev(term:Tsquared(m^2+2*m*w,m^2-2*m*wp),ratsimplify)
            2  2
(%o3) 32 %pi  a
   2      2                      2                  2    2              4
  m  (3 (m  - 2 m wp) + 2 m w + m ) + ((- 2 m w) - m ) (m  - 2 m wp) + m
 (-----------------------------------------------------------------------
                                    2   2
                                 4 m  wp
    2                           2     2                  2    2              4
   m  ((- 2 m wp) + 3 (2 m w + m ) + m ) + ((- 2 m w) - m ) (m  - 2 m wp) + m
 + ---------------------------------------------------------------------------
                                        2  2
                                     4 m  w
                           2
   (- 2 m wp) + 2 m w + 4 m
 - -------------------------)
            2 w wp
(%i4) coeff(expand(term),m,0)
                               2  2            2  2
                         32 %pi  a  wp   32 %pi  a  w
(%o4)                    ------------- + ------------
                               w              wp
(%i5) coeff(expand(term),m,1)
                                  2  2         2  2
                            64 %pi  a    64 %pi  a
(%o5)                       ---------- - ----------
                                w            wp
(%i6) factor(coeff(expand(term),m,2))
                                   2  2         2
                             32 %pi  a  (wp - w)
(%o6)                        --------------------
                                     2   2
                                    w  wp
(%o6)                   /Users/rds/Desktop/problem.mac
(%i7) 