
NIL
(%o1)                                done
(%i2) 
read and interpret file: /Users/rds/Documents/Programming/Maxima/qfthw2.mac
(%i3) kill(all)
(%o0)                                done
(%i1) assume(0 < g,g < 1/3,r > 0)
                                         1
(%o1)                        [g > 0, g < -, r > 0]
                                         3
(%i2) f(t):=sin(t)/t^(1-2*g)
                                        sin(t)
(%o2)                          f(t) := --------
                                        1 - 2 g
                                       t
(%i3) integrate(f(t),t,0,inf)
                   - %i %pi g       2 %i %pi g
                 %e           (%i %e           - %i) gamma(2 g)
(%o3)          - ----------------------------------------------
                                       2
(%i4) func(g):=integrate(f(t),t,0,inf)
(%o4)                func(g) := integrate(f(t), t, 0, inf)
(%i5) taylor(func(g),g,0,2)
                                           2          3   2
            %pi                  (12 %gamma  %pi + %pi ) g
(%o5)/T/    --- - %gamma %pi g + -------------------------- + . . .
             2                               12
(%o5)         /Users/rds/Documents/Programming/Maxima/qfthw2.mac
(%i6) ? %gamma


 -- Constant: %gamma

      The Euler-Mascheroni constant, 0.5772156649015329 ....
